\BOOKMARK [1][-]{section.1}{\376\377\000I\000n\000t\000r\000o\000d\000u\000c\000t\000i\000o\000n}{}% 1
\BOOKMARK [1][-]{section.2}{\376\377\000B\000a\000c\000k\000g\000r\000o\000u\000n\000d}{}% 2
\BOOKMARK [2][-]{subsection.2.1}{\376\377\000C\000o\000m\000p\000u\000t\000i\000n\000g\000\040\000C\000o\000n\000t\000i\000n\000u\000u\000m\000s\000\040\000a\000n\000d\000\040\000M\000e\000t\000a\000-\000O\000r\000c\000h\000e\000s\000t\000r\000a\000t\000i\000o\000n}{section.2}% 3
\BOOKMARK [2][-]{subsection.2.2}{\376\377\000D\000A\000G\000\040\000S\000c\000h\000e\000d\000u\000l\000i\000n\000g}{section.2}% 4
\BOOKMARK [2][-]{subsection.2.3}{\376\377\000C\000u\000r\000r\000e\000n\000t\000\040\000P\000r\000i\000o\000r\000i\000t\000y\000\040\000M\000e\000c\000h\000a\000n\000i\000s\000m}{section.2}% 5
\BOOKMARK [2][-]{subsection.2.4}{\376\377\000D\000y\000n\000a\000m\000i\000c\000\040\000D\000A\000G\000\040\000M\000o\000d\000i\000f\000i\000c\000a\000t\000i\000o\000n}{section.2}% 6
\BOOKMARK [1][-]{section.3}{\376\377\000U\000s\000e\000\040\000C\000a\000s\000e\000s}{}% 7
\BOOKMARK [2][-]{subsection.3.1}{\376\377\000U\000C\0001\000:\000\040\000M\000i\000n\000e\000\040\000S\000e\000i\000s\000m\000o\000l\000o\000g\000y\000\040\000\050\000C\000o\000n\000t\000i\000n\000u\000o\000u\000s\000\040\000S\000t\000r\000e\000a\000m\000\051}{section.3}% 8
\BOOKMARK [2][-]{subsection.3.2}{\376\377\000U\000C\0002\000:\000\040\000S\000a\000t\000e\000l\000l\000i\000t\000e\000\040\000S\000u\000r\000v\000e\000i\000l\000l\000a\000n\000c\000e\000\040\000\050\000E\000v\000e\000n\000t\000-\000T\000r\000i\000g\000g\000e\000r\000e\000d\000,\000\040\000M\000u\000l\000t\000i\000-\000U\000s\000e\000r\000\051}{section.3}% 9
\BOOKMARK [2][-]{subsection.3.3}{\376\377\000U\000C\0003\000:\000\040\000A\000g\000e\000n\000t\000i\000c\000\040\000A\000I\000\040\000W\000o\000r\000k\000f\000l\000o\000w\000s\000\040\000\050\000S\000e\000l\000f\000-\000M\000o\000d\000i\000f\000y\000i\000n\000g\000\040\000D\000A\000G\000\051}{section.3}% 10
\BOOKMARK [2][-]{subsection.3.4}{\376\377\000U\000C\0004\000:\000\040\000M\000u\000l\000t\000i\000-\000T\000e\000n\000a\000n\000t\000\040\000E\000T\000L\000\040\000\050\000S\000L\000A\000-\000D\000r\000i\000v\000e\000n\000\051}{section.3}% 11
\BOOKMARK [2][-]{subsection.3.5}{\376\377\000U\000C\0005\000:\000\040\000C\000l\000o\000u\000d\000\040\000B\000u\000r\000s\000t\000\040\000\050\000M\000e\000t\000a\000-\000L\000e\000v\000e\000l\000\040\000I\000n\000f\000r\000a\000s\000t\000r\000u\000c\000t\000u\000r\000e\000\051}{section.3}% 12
\BOOKMARK [2][-]{subsection.3.6}{\376\377\000U\000C\0006\000:\000\040\000C\000l\000o\000u\000d\000-\000t\000o\000-\000H\000P\000C\000\040\000L\000L\000M\000\040\000T\000r\000a\000i\000n\000i\000n\000g\000\040\000\050\000C\000r\000o\000s\000s\000-\000E\000n\000v\000i\000r\000o\000n\000m\000e\000n\000t\000\051}{section.3}% 13
\BOOKMARK [2][-]{subsection.3.7}{\376\377\000U\000C\0007\000:\000\040\000D\000r\000u\000g\000\040\000D\000i\000s\000c\000o\000v\000e\000r\000y\000\040\000P\000a\000r\000a\000m\000e\000t\000e\000r\000\040\000S\000w\000e\000e\000p\000\040\000\050\000D\000e\000a\000d\000l\000i\000n\000e\000-\000D\000r\000i\000v\000e\000n\000\040\000F\000u\000n\000n\000e\000l\000\051}{section.3}% 14
\BOOKMARK [2][-]{subsection.3.8}{\376\377\000U\000C\0008\000:\000\040\000W\000a\000t\000e\000r\000\040\000T\000r\000e\000a\000t\000m\000e\000n\000t\000\040\000I\000o\000T\000\040\000\050\000R\000e\000a\000l\000-\000T\000i\000m\000e\000\040\000E\000d\000g\000e\000\040\000w\000i\000t\000h\000\040\000P\000r\000e\000e\000m\000p\000t\000i\000o\000n\000\051}{section.3}% 15
\BOOKMARK [1][-]{section.4}{\376\377\000A\000n\000a\000l\000y\000s\000i\000s\000\040\000o\000f\000\040\000P\000r\000i\000o\000r\000i\000t\000y\000\040\000D\000i\000m\000e\000n\000s\000i\000o\000n\000s}{}% 16
\BOOKMARK [2][-]{subsection.4.1}{\376\377\000T\000e\000m\000p\000o\000r\000a\000l\000\040\000C\000l\000a\000s\000s\000i\000f\000i\000c\000a\000t\000i\000o\000n}{section.4}% 17
\BOOKMARK [2][-]{subsection.4.2}{\376\377\000S\000o\000u\000r\000c\000e\000\040\000C\000l\000a\000s\000s\000i\000f\000i\000c\000a\000t\000i\000o\000n}{section.4}% 18
\BOOKMARK [2][-]{subsection.4.3}{\376\377\000R\000e\000q\000u\000i\000r\000e\000m\000e\000n\000t\000s}{section.4}% 19
\BOOKMARK [1][-]{section.5}{\376\377\000A\000l\000t\000e\000r\000n\000a\000t\000i\000v\000e\000\040\000S\000c\000h\000e\000d\000u\000l\000i\000n\000g\000\040\000M\000e\000t\000h\000o\000d\000s}{}% 20
\BOOKMARK [2][-]{subsection.5.1}{\376\377\000W\000e\000i\000g\000h\000t\000e\000d\000\040\000S\000u\000m\000\040\000M\000o\000d\000e\000l}{section.5}% 21
\BOOKMARK [2][-]{subsection.5.2}{\376\377\000R\000u\000l\000e\000-\000B\000a\000s\000e\000d\000\040\000/\000\040\000P\000r\000o\000d\000u\000c\000t\000i\000o\000n\000\040\000S\000y\000s\000t\000e\000m\000s}{section.5}% 22
\BOOKMARK [2][-]{subsection.5.3}{\376\377\000L\000e\000x\000i\000c\000o\000g\000r\000a\000p\000h\000i\000c\000\040\000/\000\040\000H\000i\000e\000r\000a\000r\000c\000h\000i\000c\000a\000l\000\040\000P\000r\000i\000o\000r\000i\000t\000y}{section.5}% 23
\BOOKMARK [2][-]{subsection.5.4}{\376\377\000C\000o\000n\000s\000t\000r\000a\000i\000n\000t\000-\000B\000a\000s\000e\000d\000\040\000O\000p\000t\000i\000m\000i\000z\000a\000t\000i\000o\000n}{section.5}% 24
\BOOKMARK [2][-]{subsection.5.5}{\376\377\000M\000u\000l\000t\000i\000-\000L\000e\000v\000e\000l\000\040\000F\000e\000e\000d\000b\000a\000c\000k\000\040\000Q\000u\000e\000u\000e\000\040\000\050\000M\000L\000F\000Q\000\051}{section.5}% 25
\BOOKMARK [2][-]{subsection.5.6}{\376\377\000M\000a\000c\000h\000i\000n\000e\000\040\000L\000e\000a\000r\000n\000i\000n\000g\000\040\000M\000e\000t\000h\000o\000d\000s}{section.5}% 26
\BOOKMARK [2][-]{subsection.5.7}{\376\377\000C\000o\000m\000p\000a\000r\000i\000s\000o\000n}{section.5}% 27
\BOOKMARK [1][-]{section.6}{\376\377\000P\000r\000o\000p\000o\000s\000e\000d\000\040\000M\000o\000d\000e\000l}{}% 28
\BOOKMARK [2][-]{subsection.6.1}{\376\377\000U\000r\000g\000e\000n\000c\000y\000\040\000C\000l\000a\000s\000s\000e\000s}{section.6}% 29
\BOOKMARK [2][-]{subsection.6.2}{\376\377\000W\000i\000t\000h\000i\000n\000-\000C\000l\000a\000s\000s\000\040\000S\000c\000o\000r\000i\000n\000g}{section.6}% 30
\BOOKMARK [2][-]{subsection.6.3}{\376\377\000R\000e\000-\000e\000v\000a\000l\000u\000a\000t\000i\000o\000n\000\040\000T\000r\000i\000g\000g\000e\000r\000s}{section.6}% 31
\BOOKMARK [2][-]{subsection.6.4}{\376\377\000F\000a\000i\000r\000n\000e\000s\000s\000\040\000C\000o\000n\000s\000t\000r\000a\000i\000n\000t\000s}{section.6}% 32
\BOOKMARK [2][-]{subsection.6.5}{\376\377\000P\000r\000e\000e\000m\000p\000t\000i\000o\000n}{section.6}% 33
\BOOKMARK [2][-]{subsection.6.6}{\376\377\000E\000f\000f\000e\000c\000t\000i\000v\000e\000\040\000P\000r\000i\000o\000r\000i\000t\000y}{section.6}% 34
\BOOKMARK [2][-]{subsection.6.7}{\376\377\000I\000n\000s\000t\000a\000n\000t\000i\000a\000t\000i\000o\000n\000\040\000E\000x\000a\000m\000p\000l\000e\000s}{section.6}% 35
\BOOKMARK [3][-]{lstlisting.1}{\376\377\000U\000C\0001\000:\000\040\000M\000i\000n\000e\000\040\000S\000e\000i\000s\000m\000o\000l\000o\000g\000y}{subsection.6.7}% 36
\BOOKMARK [3][-]{lstlisting.2}{\376\377\000U\000C\0003\000:\000\040\000A\000g\000e\000n\000t\000i\000c\000\040\000A\000I}{subsection.6.7}% 37
\BOOKMARK [3][-]{lstlisting.3}{\376\377\000U\000C\0004\000:\000\040\000M\000u\000l\000t\000i\000-\000T\000e\000n\000a\000n\000t\000\040\000E\000T\000L}{subsection.6.7}% 38
\BOOKMARK [3][-]{lstlisting.4}{\376\377\000U\000C\0008\000:\000\040\000W\000a\000t\000e\000r\000\040\000T\000r\000e\000a\000t\000m\000e\000n\000t\000\040\000I\000o\000T}{subsection.6.7}% 39
\BOOKMARK [1][-]{section.7}{\376\377\000D\000i\000s\000c\000u\000s\000s\000i\000o\000n}{}% 40
\BOOKMARK [2][-]{subsection.7.1}{\376\377\000T\000h\000e\000\040\000A\000g\000e\000n\000t\000i\000c\000\040\000A\000I\000\040\000S\000c\000h\000e\000d\000u\000l\000i\000n\000g\000\040\000C\000h\000a\000l\000l\000e\000n\000g\000e}{section.7}% 41
\BOOKMARK [2][-]{subsection.7.2}{\376\377\000C\000o\000m\000p\000o\000s\000a\000b\000i\000l\000i\000t\000y}{section.7}% 42
\BOOKMARK [2][-]{subsection.7.3}{\376\377\000R\000e\000l\000a\000t\000i\000o\000n\000s\000h\000i\000p\000\040\000t\000o\000\040\000C\000l\000a\000s\000s\000i\000c\000a\000l\000\040\000S\000c\000h\000e\000d\000u\000l\000i\000n\000g}{section.7}% 43
\BOOKMARK [2][-]{subsection.7.4}{\376\377\000R\000o\000l\000e\000\040\000o\000f\000\040\000M\000a\000c\000h\000i\000n\000e\000\040\000L\000e\000a\000r\000n\000i\000n\000g}{section.7}% 44
\BOOKMARK [2][-]{subsection.7.5}{\376\377\000P\000r\000e\000e\000m\000p\000t\000i\000o\000n\000\040\000T\000r\000a\000d\000e\000-\000o\000f\000f\000s}{section.7}% 45
\BOOKMARK [2][-]{subsection.7.6}{\376\377\000I\000n\000t\000e\000r\000-\000W\000o\000r\000k\000f\000l\000o\000w\000\040\000D\000e\000p\000e\000n\000d\000e\000n\000c\000i\000e\000s}{section.7}% 46
\BOOKMARK [2][-]{subsection.7.7}{\376\377\000F\000a\000i\000l\000u\000r\000e\000\040\000R\000e\000c\000o\000v\000e\000r\000y}{section.7}% 47
\BOOKMARK [2][-]{subsection.7.8}{\376\377\000L\000i\000m\000i\000t\000a\000t\000i\000o\000n\000s}{section.7}% 48
\BOOKMARK [1][-]{section.8}{\376\377\000R\000e\000l\000a\000t\000e\000d\000\040\000W\000o\000r\000k}{}% 49
\BOOKMARK [1][-]{section.9}{\376\377\000C\000o\000n\000c\000l\000u\000s\000i\000o\000n}{}% 50
\BOOKMARK [1][-]{section*.1}{\376\377\000R\000e\000f\000e\000r\000e\000n\000c\000e\000s}{}% 51
